<?xml version="1.0" encoding="UTF-8"?>
<!-- Generated by org.testng.reporters.JUnitXMLReporter -->
<testsuite ignored="0" hostname="DESKTOP-BS35SKK" failures="2" tests="15" name="Test" time="34.945" errors="0" timestamp="2022-10-15T00:11:39 IST">
  <testcase classname="testng.NewTest" name="validLogin" time="7.281"/>
  <testcase classname="testng.NewTest" name="testMultipleUserDetials" time="1.057"/>
  <testcase classname="testng.NewTest" name="testMultipleUserDetials" time="1.276">
    <skipped/>
  </testcase> <!-- testMultipleUserDetials -->
  <testcase classname="testng.NewTest" name="testMultipleUserDetials" time="1.073">
    <skipped/>
  </testcase> <!-- testMultipleUserDetials -->
  <testcase classname="testng.NewTest" name="testMultipleUserDetials" time="0.799">
    <skipped/>
  </testcase> <!-- testMultipleUserDetials -->
  <testcase classname="testng.NewTest" name="testMultipleUserDetials" time="0.841">
    <skipped/>
  </testcase> <!-- testMultipleUserDetials -->
  <testcase classname="testng.NewTest" name="testMultipleUserDetials" time="0.771">
    <skipped/>
  </testcase> <!-- testMultipleUserDetials -->
  <testcase classname="testng.NewTest" name="testMultipleUserDetials" time="0.788">
    <failure type="java.lang.AssertionError" message="expected [true] but found [false]">
      <![CDATA[java.lang.AssertionError: expected [true] but found [false]
at testng.NewTest.testMultipleUserDetials(NewTest.java:48)
at java.base/java.util.ArrayList.forEach(ArrayList.java:1511)
... Removed 30 stack frames]]>
    </failure>
  </testcase> <!-- testMultipleUserDetials -->
  <testcase classname="testng.NewTest" name="testMultipleUserDetials" time="0.852"/>
  <testcase classname="testng.NewTest" name="testMultipleUserDetials" time="0.874">
    <skipped/>
  </testcase> <!-- testMultipleUserDetials -->
  <testcase classname="testng.NewTest" name="testMultipleUserDetials" time="0.82">
    <skipped/>
  </testcase> <!-- testMultipleUserDetials -->
  <testcase classname="testng.NewTest" name="testMultipleUserDetials" time="0.833">
    <skipped/>
  </testcase> <!-- testMultipleUserDetials -->
  <testcase classname="testng.NewTest" name="testMultipleUserDetials" time="0.893">
    <skipped/>
  </testcase> <!-- testMultipleUserDetials -->
  <testcase classname="testng.NewTest" name="testMultipleUserDetials" time="0.797">
    <skipped/>
  </testcase> <!-- testMultipleUserDetials -->
  <testcase classname="testng.NewTest" name="testMultipleUserDetials" time="0.821">
    <failure type="java.lang.AssertionError" message="expected [true] but found [false]">
      <![CDATA[java.lang.AssertionError: expected [true] but found [false]
at testng.NewTest.testMultipleUserDetials(NewTest.java:48)
at java.base/java.util.ArrayList.forEach(ArrayList.java:1511)
... Removed 30 stack frames]]>
    </failure>
  </testcase> <!-- testMultipleUserDetials -->
</testsuite> <!-- Test -->
